Start testing: Feb 11 11:27 PST
----------------------------------------------------------
1/1 Testing: mlc-div-to-reciprocal-mul
1/1 Test: mlc-div-to-reciprocal-mul
Command: "/Users/mihirwaknis/miniforge3/lib/python3.12/site-packages/cmake/data/bin/cmake" "-DMLC_OPT=/Users/mihirwaknis/Documents/GitHub/projectnamehere/build/tools/mlc-opt/mlc-opt" "-DFILECHECK_EXE=/opt/homebrew/Cellar/llvm/21.1.8_1/bin/FileCheck" "-DINPUT_FILE=/Users/mihirwaknis/Documents/GitHub/projectnamehere/test/FileCheck/div_to_reciprocal_mul.mlir" "-DTMP_FILE=/Users/mihirwaknis/Documents/GitHub/projectnamehere/build/test/div_to_reciprocal_mul.out.mlir" "-P" "/Users/mihirwaknis/Documents/GitHub/projectnamehere/test/run_filecheck.cmake"
Directory: /Users/mihirwaknis/Documents/GitHub/projectnamehere/build/test
"mlc-div-to-reciprocal-mul" start time: Feb 11 11:27 PST
Output:
----------------------------------------------------------
<end of output>
Test time =   0.03 sec
----------------------------------------------------------
Test Passed.
"mlc-div-to-reciprocal-mul" end time: Feb 11 11:27 PST
"mlc-div-to-reciprocal-mul" time elapsed: 00:00:00
----------------------------------------------------------

End testing: Feb 11 11:27 PST
